INFO - 2023-02-09 04:55:21 --> Session: Class initialized using 'CodeIgniter\Session\Handlers\FileHandler' driver.
CRITICAL - 2023-02-09 06:13:03 --> Undefined variable $usuarios
in APPPATH\Views\usuarios\tabla_usuarios.php on line 24.
 1 APPPATH\Views\usuarios\tabla_usuarios.php(24): CodeIgniter\Debug\Exceptions->errorHandler(2, 'Undefined variable $usuarios', 'APPPATH\\Views\\usuarios\\tabla_usuarios.php', 24)
 2 SYSTEMPATH\View\View.php(213): include('APPPATH\\Views\\usuarios\\tabla_usuarios.php')
 3 SYSTEMPATH\View\View.php(216): CodeIgniter\View\View->CodeIgniter\View\{closure}()
 4 SYSTEMPATH\Common.php(1177): CodeIgniter\View\View->render('usuarios/tabla_usuarios', [], true)
 5 APPPATH\Controllers\UsuarioController.php(52): view('usuarios/tabla_usuarios')
 6 SYSTEMPATH\CodeIgniter.php(934): App\Controllers\UsuarioController->index()
 7 SYSTEMPATH\CodeIgniter.php(499): CodeIgniter\CodeIgniter->runController(Object(App\Controllers\UsuarioController))
 8 SYSTEMPATH\CodeIgniter.php(368): CodeIgniter\CodeIgniter->handleRequest(null, Object(Config\Cache), false)
 9 FCPATH\index.php(67): CodeIgniter\CodeIgniter->run()
CRITICAL - 2023-02-09 06:19:13 --> Undefined variable $UsuarioModel
in APPPATH\Controllers\UsuarioController.php on line 52.
 1 APPPATH\Controllers\UsuarioController.php(52): CodeIgniter\Debug\Exceptions->errorHandler(2, 'Undefined variable $UsuarioModel', 'APPPATH\\Controllers\\UsuarioController.php', 52)
 2 SYSTEMPATH\CodeIgniter.php(934): App\Controllers\UsuarioController->index()
 3 SYSTEMPATH\CodeIgniter.php(499): CodeIgniter\CodeIgniter->runController(Object(App\Controllers\UsuarioController))
 4 SYSTEMPATH\CodeIgniter.php(368): CodeIgniter\CodeIgniter->handleRequest(null, Object(Config\Cache), false)
 5 FCPATH\index.php(67): CodeIgniter\CodeIgniter->run()
CRITICAL - 2023-02-09 06:22:08 --> Undefined variable $modelName
in APPPATH\Controllers\UsuarioController.php on line 53.
 1 APPPATH\Controllers\UsuarioController.php(53): CodeIgniter\Debug\Exceptions->errorHandler(2, 'Undefined variable $modelName', 'APPPATH\\Controllers\\UsuarioController.php', 53)
 2 SYSTEMPATH\CodeIgniter.php(934): App\Controllers\UsuarioController->index()
 3 SYSTEMPATH\CodeIgniter.php(499): CodeIgniter\CodeIgniter->runController(Object(App\Controllers\UsuarioController))
 4 SYSTEMPATH\CodeIgniter.php(368): CodeIgniter\CodeIgniter->handleRequest(null, Object(Config\Cache), false)
 5 FCPATH\index.php(67): CodeIgniter\CodeIgniter->run()
CRITICAL - 2023-02-09 06:23:57 --> Undefined property: App\Controllers\UsuarioController::$model
in APPPATH\Controllers\UsuarioController.php on line 53.
 1 APPPATH\Controllers\UsuarioController.php(53): CodeIgniter\Debug\Exceptions->errorHandler(2, 'Undefined property: App\\Controllers\\UsuarioController::$model', 'APPPATH\\Controllers\\UsuarioController.php', 53)
 2 SYSTEMPATH\CodeIgniter.php(934): App\Controllers\UsuarioController->index()
 3 SYSTEMPATH\CodeIgniter.php(499): CodeIgniter\CodeIgniter->runController(Object(App\Controllers\UsuarioController))
 4 SYSTEMPATH\CodeIgniter.php(368): CodeIgniter\CodeIgniter->handleRequest(null, Object(Config\Cache), false)
 5 FCPATH\index.php(67): CodeIgniter\CodeIgniter->run()
CRITICAL - 2023-02-09 06:23:59 --> Undefined property: App\Controllers\UsuarioController::$model
in APPPATH\Controllers\UsuarioController.php on line 53.
 1 APPPATH\Controllers\UsuarioController.php(53): CodeIgniter\Debug\Exceptions->errorHandler(2, 'Undefined property: App\\Controllers\\UsuarioController::$model', 'APPPATH\\Controllers\\UsuarioController.php', 53)
 2 SYSTEMPATH\CodeIgniter.php(934): App\Controllers\UsuarioController->index()
 3 SYSTEMPATH\CodeIgniter.php(499): CodeIgniter\CodeIgniter->runController(Object(App\Controllers\UsuarioController))
 4 SYSTEMPATH\CodeIgniter.php(368): CodeIgniter\CodeIgniter->handleRequest(null, Object(Config\Cache), false)
 5 FCPATH\index.php(67): CodeIgniter\CodeIgniter->run()
CRITICAL - 2023-02-09 06:25:28 --> Undefined property: App\Controllers\UsuarioController::$model
in APPPATH\Controllers\UsuarioController.php on line 53.
 1 APPPATH\Controllers\UsuarioController.php(53): CodeIgniter\Debug\Exceptions->errorHandler(2, 'Undefined property: App\\Controllers\\UsuarioController::$model', 'APPPATH\\Controllers\\UsuarioController.php', 53)
 2 SYSTEMPATH\CodeIgniter.php(934): App\Controllers\UsuarioController->index()
 3 SYSTEMPATH\CodeIgniter.php(499): CodeIgniter\CodeIgniter->runController(Object(App\Controllers\UsuarioController))
 4 SYSTEMPATH\CodeIgniter.php(368): CodeIgniter\CodeIgniter->handleRequest(null, Object(Config\Cache), false)
 5 FCPATH\index.php(67): CodeIgniter\CodeIgniter->run()
CRITICAL - 2023-02-09 06:25:30 --> Undefined property: App\Controllers\UsuarioController::$model
in APPPATH\Controllers\UsuarioController.php on line 53.
 1 APPPATH\Controllers\UsuarioController.php(53): CodeIgniter\Debug\Exceptions->errorHandler(2, 'Undefined property: App\\Controllers\\UsuarioController::$model', 'APPPATH\\Controllers\\UsuarioController.php', 53)
 2 SYSTEMPATH\CodeIgniter.php(934): App\Controllers\UsuarioController->index()
 3 SYSTEMPATH\CodeIgniter.php(499): CodeIgniter\CodeIgniter->runController(Object(App\Controllers\UsuarioController))
 4 SYSTEMPATH\CodeIgniter.php(368): CodeIgniter\CodeIgniter->handleRequest(null, Object(Config\Cache), false)
 5 FCPATH\index.php(67): CodeIgniter\CodeIgniter->run()
ERROR - 2023-02-09 06:25:39 --> Error connecting to the database: mysqli_sql_exception: Access denied for user ''@'localhost' (using password: NO) in C:\laragon\www\lara\system\Database\MySQLi\Connection.php:174
Stack trace:
#0 C:\laragon\www\lara\system\Database\MySQLi\Connection.php(174): mysqli->real_connect('localhost', '', '', '', 3306, '', 0)
#1 C:\laragon\www\lara\system\Database\BaseConnection.php(391): CodeIgniter\Database\MySQLi\Connection->connect(false)
#2 C:\laragon\www\lara\system\Database\BaseConnection.php(573): CodeIgniter\Database\BaseConnection->initialize()
#3 C:\laragon\www\lara\system\Database\BaseBuilder.php(1602): CodeIgniter\Database\BaseConnection->query('SELECT *\nFROM `...', Array, false)
#4 C:\laragon\www\lara\system\Model.php(240): CodeIgniter\Database\BaseBuilder->get()
#5 C:\laragon\www\lara\system\BaseModel.php(618): CodeIgniter\Model->doFindAll(0, 0)
#6 C:\laragon\www\lara\app\Controllers\UsuarioController.php(54): CodeIgniter\BaseModel->findAll()
#7 C:\laragon\www\lara\system\CodeIgniter.php(934): App\Controllers\UsuarioController->index()
#8 C:\laragon\www\lara\system\CodeIgniter.php(499): CodeIgniter\CodeIgniter->runController(Object(App\Controllers\UsuarioController))
#9 C:\laragon\www\lara\system\CodeIgniter.php(368): CodeIgniter\CodeIgniter->handleRequest(NULL, Object(Config\Cache), false)
#10 C:\laragon\www\lara\public\index.php(67): CodeIgniter\CodeIgniter->run()
#11 {main}

Next CodeIgniter\Database\Exceptions\DatabaseException: Access denied for user ''@'localhost' (using password: NO) in C:\laragon\www\lara\system\Database\MySQLi\Connection.php:218
Stack trace:
#0 C:\laragon\www\lara\system\Database\BaseConnection.php(391): CodeIgniter\Database\MySQLi\Connection->connect(false)
#1 C:\laragon\www\lara\system\Database\BaseConnection.php(573): CodeIgniter\Database\BaseConnection->initialize()
#2 C:\laragon\www\lara\system\Database\BaseBuilder.php(1602): CodeIgniter\Database\BaseConnection->query('SELECT *\nFROM `...', Array, false)
#3 C:\laragon\www\lara\system\Model.php(240): CodeIgniter\Database\BaseBuilder->get()
#4 C:\laragon\www\lara\system\BaseModel.php(618): CodeIgniter\Model->doFindAll(0, 0)
#5 C:\laragon\www\lara\app\Controllers\UsuarioController.php(54): CodeIgniter\BaseModel->findAll()
#6 C:\laragon\www\lara\system\CodeIgniter.php(934): App\Controllers\UsuarioController->index()
#7 C:\laragon\www\lara\system\CodeIgniter.php(499): CodeIgniter\CodeIgniter->runController(Object(App\Controllers\UsuarioController))
#8 C:\laragon\www\lara\system\CodeIgniter.php(368): CodeIgniter\CodeIgniter->handleRequest(NULL, Object(Config\Cache), false)
#9 C:\laragon\www\lara\public\index.php(67): CodeIgniter\CodeIgniter->run()
#10 {main}
CRITICAL - 2023-02-09 06:25:39 --> Unable to connect to the database.
Main connection [MySQLi]: Access denied for user ''@'localhost' (using password: NO)
in SYSTEMPATH\Database\BaseConnection.php on line 427.
 1 SYSTEMPATH\Database\BaseConnection.php(573): CodeIgniter\Database\BaseConnection->initialize()
 2 SYSTEMPATH\Database\BaseBuilder.php(1602): CodeIgniter\Database\BaseConnection->query('SELECT *
FROM `choferes`', [], false)
 3 SYSTEMPATH\Model.php(240): CodeIgniter\Database\BaseBuilder->get()
 4 SYSTEMPATH\BaseModel.php(618): CodeIgniter\Model->doFindAll(0, 0)
 5 APPPATH\Controllers\UsuarioController.php(54): CodeIgniter\BaseModel->findAll()
 6 SYSTEMPATH\CodeIgniter.php(934): App\Controllers\UsuarioController->index()
 7 SYSTEMPATH\CodeIgniter.php(499): CodeIgniter\CodeIgniter->runController(Object(App\Controllers\UsuarioController))
 8 SYSTEMPATH\CodeIgniter.php(368): CodeIgniter\CodeIgniter->handleRequest(null, Object(Config\Cache), false)
 9 FCPATH\index.php(67): CodeIgniter\CodeIgniter->run()
ERROR - 2023-02-09 06:26:35 --> Error connecting to the database: mysqli_sql_exception: Access denied for user 'root'@'localhost' (using password: YES) in C:\laragon\www\lara\system\Database\MySQLi\Connection.php:174
Stack trace:
#0 C:\laragon\www\lara\system\Database\MySQLi\Connection.php(174): mysqli->real_connect('localhost', 'root', 'root', 'ci4', 3306, '', 0)
#1 C:\laragon\www\lara\system\Database\BaseConnection.php(391): CodeIgniter\Database\MySQLi\Connection->connect(false)
#2 C:\laragon\www\lara\system\Database\BaseConnection.php(573): CodeIgniter\Database\BaseConnection->initialize()
#3 C:\laragon\www\lara\system\Database\BaseBuilder.php(1602): CodeIgniter\Database\BaseConnection->query('SELECT *\nFROM `...', Array, false)
#4 C:\laragon\www\lara\system\Model.php(240): CodeIgniter\Database\BaseBuilder->get()
#5 C:\laragon\www\lara\system\BaseModel.php(618): CodeIgniter\Model->doFindAll(0, 0)
#6 C:\laragon\www\lara\app\Controllers\UsuarioController.php(54): CodeIgniter\BaseModel->findAll()
#7 C:\laragon\www\lara\system\CodeIgniter.php(934): App\Controllers\UsuarioController->index()
#8 C:\laragon\www\lara\system\CodeIgniter.php(499): CodeIgniter\CodeIgniter->runController(Object(App\Controllers\UsuarioController))
#9 C:\laragon\www\lara\system\CodeIgniter.php(368): CodeIgniter\CodeIgniter->handleRequest(NULL, Object(Config\Cache), false)
#10 C:\laragon\www\lara\public\index.php(67): CodeIgniter\CodeIgniter->run()
#11 {main}

Next CodeIgniter\Database\Exceptions\DatabaseException: Access denied for user '****'@'localhost' (using password: YES) in C:\laragon\www\lara\system\Database\MySQLi\Connection.php:218
Stack trace:
#0 C:\laragon\www\lara\system\Database\BaseConnection.php(391): CodeIgniter\Database\MySQLi\Connection->connect(false)
#1 C:\laragon\www\lara\system\Database\BaseConnection.php(573): CodeIgniter\Database\BaseConnection->initialize()
#2 C:\laragon\www\lara\system\Database\BaseBuilder.php(1602): CodeIgniter\Database\BaseConnection->query('SELECT *\nFROM `...', Array, false)
#3 C:\laragon\www\lara\system\Model.php(240): CodeIgniter\Database\BaseBuilder->get()
#4 C:\laragon\www\lara\system\BaseModel.php(618): CodeIgniter\Model->doFindAll(0, 0)
#5 C:\laragon\www\lara\app\Controllers\UsuarioController.php(54): CodeIgniter\BaseModel->findAll()
#6 C:\laragon\www\lara\system\CodeIgniter.php(934): App\Controllers\UsuarioController->index()
#7 C:\laragon\www\lara\system\CodeIgniter.php(499): CodeIgniter\CodeIgniter->runController(Object(App\Controllers\UsuarioController))
#8 C:\laragon\www\lara\system\CodeIgniter.php(368): CodeIgniter\CodeIgniter->handleRequest(NULL, Object(Config\Cache), false)
#9 C:\laragon\www\lara\public\index.php(67): CodeIgniter\CodeIgniter->run()
#10 {main}
CRITICAL - 2023-02-09 06:26:35 --> Unable to connect to the database.
Main connection [MySQLi]: Access denied for user '****'@'localhost' (using password: YES)
in SYSTEMPATH\Database\BaseConnection.php on line 427.
 1 SYSTEMPATH\Database\BaseConnection.php(573): CodeIgniter\Database\BaseConnection->initialize()
 2 SYSTEMPATH\Database\BaseBuilder.php(1602): CodeIgniter\Database\BaseConnection->query('SELECT *
FROM `choferes`', [], false)
 3 SYSTEMPATH\Model.php(240): CodeIgniter\Database\BaseBuilder->get()
 4 SYSTEMPATH\BaseModel.php(618): CodeIgniter\Model->doFindAll(0, 0)
 5 APPPATH\Controllers\UsuarioController.php(54): CodeIgniter\BaseModel->findAll()
 6 SYSTEMPATH\CodeIgniter.php(934): App\Controllers\UsuarioController->index()
 7 SYSTEMPATH\CodeIgniter.php(499): CodeIgniter\CodeIgniter->runController(Object(App\Controllers\UsuarioController))
 8 SYSTEMPATH\CodeIgniter.php(368): CodeIgniter\CodeIgniter->handleRequest(null, Object(Config\Cache), false)
 9 FCPATH\index.php(67): CodeIgniter\CodeIgniter->run()
ERROR - 2023-02-09 06:26:43 --> Error connecting to the database: mysqli_sql_exception: Unknown database 'ci4' in C:\laragon\www\lara\system\Database\MySQLi\Connection.php:174
Stack trace:
#0 C:\laragon\www\lara\system\Database\MySQLi\Connection.php(174): mysqli->real_connect('localhost', 'root', '', 'ci4', 3306, '', 0)
#1 C:\laragon\www\lara\system\Database\BaseConnection.php(391): CodeIgniter\Database\MySQLi\Connection->connect(false)
#2 C:\laragon\www\lara\system\Database\BaseConnection.php(573): CodeIgniter\Database\BaseConnection->initialize()
#3 C:\laragon\www\lara\system\Database\BaseBuilder.php(1602): CodeIgniter\Database\BaseConnection->query('SELECT *\nFROM `...', Array, false)
#4 C:\laragon\www\lara\system\Model.php(240): CodeIgniter\Database\BaseBuilder->get()
#5 C:\laragon\www\lara\system\BaseModel.php(618): CodeIgniter\Model->doFindAll(0, 0)
#6 C:\laragon\www\lara\app\Controllers\UsuarioController.php(54): CodeIgniter\BaseModel->findAll()
#7 C:\laragon\www\lara\system\CodeIgniter.php(934): App\Controllers\UsuarioController->index()
#8 C:\laragon\www\lara\system\CodeIgniter.php(499): CodeIgniter\CodeIgniter->runController(Object(App\Controllers\UsuarioController))
#9 C:\laragon\www\lara\system\CodeIgniter.php(368): CodeIgniter\CodeIgniter->handleRequest(NULL, Object(Config\Cache), false)
#10 C:\laragon\www\lara\public\index.php(67): CodeIgniter\CodeIgniter->run()
#11 {main}

Next CodeIgniter\Database\Exceptions\DatabaseException: Unknown database 'ci4' in C:\laragon\www\lara\system\Database\MySQLi\Connection.php:218
Stack trace:
#0 C:\laragon\www\lara\system\Database\BaseConnection.php(391): CodeIgniter\Database\MySQLi\Connection->connect(false)
#1 C:\laragon\www\lara\system\Database\BaseConnection.php(573): CodeIgniter\Database\BaseConnection->initialize()
#2 C:\laragon\www\lara\system\Database\BaseBuilder.php(1602): CodeIgniter\Database\BaseConnection->query('SELECT *\nFROM `...', Array, false)
#3 C:\laragon\www\lara\system\Model.php(240): CodeIgniter\Database\BaseBuilder->get()
#4 C:\laragon\www\lara\system\BaseModel.php(618): CodeIgniter\Model->doFindAll(0, 0)
#5 C:\laragon\www\lara\app\Controllers\UsuarioController.php(54): CodeIgniter\BaseModel->findAll()
#6 C:\laragon\www\lara\system\CodeIgniter.php(934): App\Controllers\UsuarioController->index()
#7 C:\laragon\www\lara\system\CodeIgniter.php(499): CodeIgniter\CodeIgniter->runController(Object(App\Controllers\UsuarioController))
#8 C:\laragon\www\lara\system\CodeIgniter.php(368): CodeIgniter\CodeIgniter->handleRequest(NULL, Object(Config\Cache), false)
#9 C:\laragon\www\lara\public\index.php(67): CodeIgniter\CodeIgniter->run()
#10 {main}
CRITICAL - 2023-02-09 06:26:43 --> Unable to connect to the database.
Main connection [MySQLi]: Unknown database 'ci4'
in SYSTEMPATH\Database\BaseConnection.php on line 427.
 1 SYSTEMPATH\Database\BaseConnection.php(573): CodeIgniter\Database\BaseConnection->initialize()
 2 SYSTEMPATH\Database\BaseBuilder.php(1602): CodeIgniter\Database\BaseConnection->query('SELECT *
FROM `choferes`', [], false)
 3 SYSTEMPATH\Model.php(240): CodeIgniter\Database\BaseBuilder->get()
 4 SYSTEMPATH\BaseModel.php(618): CodeIgniter\Model->doFindAll(0, 0)
 5 APPPATH\Controllers\UsuarioController.php(54): CodeIgniter\BaseModel->findAll()
 6 SYSTEMPATH\CodeIgniter.php(934): App\Controllers\UsuarioController->index()
 7 SYSTEMPATH\CodeIgniter.php(499): CodeIgniter\CodeIgniter->runController(Object(App\Controllers\UsuarioController))
 8 SYSTEMPATH\CodeIgniter.php(368): CodeIgniter\CodeIgniter->handleRequest(null, Object(Config\Cache), false)
 9 FCPATH\index.php(67): CodeIgniter\CodeIgniter->run()
CRITICAL - 2023-02-09 06:27:00 --> Undefined variable $choferes
in APPPATH\Views\usuarios\tabla_usuarios.php on line 26.
 1 APPPATH\Views\usuarios\tabla_usuarios.php(26): CodeIgniter\Debug\Exceptions->errorHandler(2, 'Undefined variable $choferes', 'APPPATH\\Views\\usuarios\\tabla_usuarios.php', 26)
 2 SYSTEMPATH\View\View.php(213): include('APPPATH\\Views\\usuarios\\tabla_usuarios.php')
 3 SYSTEMPATH\View\View.php(216): CodeIgniter\View\View->CodeIgniter\View\{closure}()
 4 SYSTEMPATH\Common.php(1177): CodeIgniter\View\View->render('usuarios/tabla_usuarios', [], true)
 5 APPPATH\Controllers\UsuarioController.php(58): view('usuarios/tabla_usuarios', [...])
 6 SYSTEMPATH\CodeIgniter.php(934): App\Controllers\UsuarioController->index()
 7 SYSTEMPATH\CodeIgniter.php(499): CodeIgniter\CodeIgniter->runController(Object(App\Controllers\UsuarioController))
 8 SYSTEMPATH\CodeIgniter.php(368): CodeIgniter\CodeIgniter->handleRequest(null, Object(Config\Cache), false)
 9 FCPATH\index.php(67): CodeIgniter\CodeIgniter->run()
CRITICAL - 2023-02-09 06:35:18 --> Undefined variable $usuario
in APPPATH\Views\usuarios\tabla_usuarios.php on line 26.
 1 APPPATH\Views\usuarios\tabla_usuarios.php(26): CodeIgniter\Debug\Exceptions->errorHandler(2, 'Undefined variable $usuario', 'APPPATH\\Views\\usuarios\\tabla_usuarios.php', 26)
 2 SYSTEMPATH\View\View.php(213): include('APPPATH\\Views\\usuarios\\tabla_usuarios.php')
 3 SYSTEMPATH\View\View.php(216): CodeIgniter\View\View->CodeIgniter\View\{closure}()
 4 SYSTEMPATH\Common.php(1177): CodeIgniter\View\View->render('usuarios/tabla_usuarios', [], true)
 5 APPPATH\Controllers\UsuarioController.php(58): view('usuarios/tabla_usuarios', [...])
 6 SYSTEMPATH\CodeIgniter.php(934): App\Controllers\UsuarioController->index()
 7 SYSTEMPATH\CodeIgniter.php(499): CodeIgniter\CodeIgniter->runController(Object(App\Controllers\UsuarioController))
 8 SYSTEMPATH\CodeIgniter.php(368): CodeIgniter\CodeIgniter->handleRequest(null, Object(Config\Cache), false)
 9 FCPATH\index.php(67): CodeIgniter\CodeIgniter->run()
