CRITICAL - 2023-02-06 22:53:56 --> Invalid file: "tabla_usuarios.php"
in SYSTEMPATH\Exceptions\FrameworkException.php on line 33.
 1 SYSTEMPATH\View\View.php(201): CodeIgniter\Exceptions\FrameworkException::forInvalidFile('tabla_usuarios.php')
 2 SYSTEMPATH\Common.php(1177): CodeIgniter\View\View->render('tabla_usuarios', [], true)
 3 APPPATH\Controllers\UsuarioController.php(9): view('tabla_usuarios')
 4 SYSTEMPATH\CodeIgniter.php(934): App\Controllers\UsuarioController->index()
 5 SYSTEMPATH\CodeIgniter.php(499): CodeIgniter\CodeIgniter->runController(Object(App\Controllers\UsuarioController))
 6 SYSTEMPATH\CodeIgniter.php(368): CodeIgniter\CodeIgniter->handleRequest(null, Object(Config\Cache), false)
 7 FCPATH\index.php(67): CodeIgniter\CodeIgniter->run()
CRITICAL - 2023-02-06 22:58:03 --> Undefined global variable $_SESSION
in APPPATH\Views\General.php on line 63.
 1 APPPATH\Views\General.php(63): CodeIgniter\Debug\Exceptions->errorHandler(2, 'Undefined global variable $_SESSION', 'APPPATH\\Views\\General.php', 63)
 2 SYSTEMPATH\View\View.php(213): include('APPPATH\\Views\\General.php')
 3 SYSTEMPATH\View\View.php(216): CodeIgniter\View\View->CodeIgniter\View\{closure}()
 4 SYSTEMPATH\View\View.php(229): CodeIgniter\View\View->render('General', [], true)
 5 SYSTEMPATH\Common.php(1177): CodeIgniter\View\View->render('usuarios/tabla_usuarios', [], true)
 6 APPPATH\Controllers\UsuarioController.php(9): view('usuarios/tabla_usuarios')
 7 SYSTEMPATH\CodeIgniter.php(934): App\Controllers\UsuarioController->index()
 8 SYSTEMPATH\CodeIgniter.php(499): CodeIgniter\CodeIgniter->runController(Object(App\Controllers\UsuarioController))
 9 SYSTEMPATH\CodeIgniter.php(368): CodeIgniter\CodeIgniter->handleRequest(null, Object(Config\Cache), false)
10 FCPATH\index.php(67): CodeIgniter\CodeIgniter->run()
CRITICAL - 2023-02-06 22:58:07 --> Undefined global variable $_SESSION
in APPPATH\Views\General.php on line 63.
 1 APPPATH\Views\General.php(63): CodeIgniter\Debug\Exceptions->errorHandler(2, 'Undefined global variable $_SESSION', 'APPPATH\\Views\\General.php', 63)
 2 SYSTEMPATH\View\View.php(213): include('APPPATH\\Views\\General.php')
 3 SYSTEMPATH\View\View.php(216): CodeIgniter\View\View->CodeIgniter\View\{closure}()
 4 SYSTEMPATH\View\View.php(229): CodeIgniter\View\View->render('General', [], true)
 5 SYSTEMPATH\Common.php(1177): CodeIgniter\View\View->render('usuarios/tabla_usuarios', [], true)
 6 APPPATH\Controllers\UsuarioController.php(9): view('usuarios/tabla_usuarios')
 7 SYSTEMPATH\CodeIgniter.php(934): App\Controllers\UsuarioController->index()
 8 SYSTEMPATH\CodeIgniter.php(499): CodeIgniter\CodeIgniter->runController(Object(App\Controllers\UsuarioController))
 9 SYSTEMPATH\CodeIgniter.php(368): CodeIgniter\CodeIgniter->handleRequest(null, Object(Config\Cache), false)
10 FCPATH\index.php(67): CodeIgniter\CodeIgniter->run()
CRITICAL - 2023-02-06 22:58:35 --> Undefined global variable $_SESSION
in APPPATH\Views\General.php on line 63.
 1 APPPATH\Views\General.php(63): CodeIgniter\Debug\Exceptions->errorHandler(2, 'Undefined global variable $_SESSION', 'APPPATH\\Views\\General.php', 63)
 2 SYSTEMPATH\View\View.php(213): include('APPPATH\\Views\\General.php')
 3 SYSTEMPATH\View\View.php(216): CodeIgniter\View\View->CodeIgniter\View\{closure}()
 4 SYSTEMPATH\View\View.php(229): CodeIgniter\View\View->render('General', [], true)
 5 SYSTEMPATH\Common.php(1177): CodeIgniter\View\View->render('usuarios/tabla_usuarios', [], true)
 6 APPPATH\Controllers\UsuarioController.php(9): view('usuarios/tabla_usuarios')
 7 SYSTEMPATH\CodeIgniter.php(934): App\Controllers\UsuarioController->index()
 8 SYSTEMPATH\CodeIgniter.php(499): CodeIgniter\CodeIgniter->runController(Object(App\Controllers\UsuarioController))
 9 SYSTEMPATH\CodeIgniter.php(368): CodeIgniter\CodeIgniter->handleRequest(null, Object(Config\Cache), false)
10 FCPATH\index.php(67): CodeIgniter\CodeIgniter->run()
CRITICAL - 2023-02-06 22:58:39 --> Undefined global variable $_SESSION
in APPPATH\Views\General.php on line 63.
 1 APPPATH\Views\General.php(63): CodeIgniter\Debug\Exceptions->errorHandler(2, 'Undefined global variable $_SESSION', 'APPPATH\\Views\\General.php', 63)
 2 SYSTEMPATH\View\View.php(213): include('APPPATH\\Views\\General.php')
 3 SYSTEMPATH\View\View.php(216): CodeIgniter\View\View->CodeIgniter\View\{closure}()
 4 SYSTEMPATH\View\View.php(229): CodeIgniter\View\View->render('General', [], true)
 5 SYSTEMPATH\Common.php(1177): CodeIgniter\View\View->render('usuarios/tabla_usuarios', [], true)
 6 APPPATH\Controllers\UsuarioController.php(9): view('usuarios/tabla_usuarios')
 7 SYSTEMPATH\CodeIgniter.php(934): App\Controllers\UsuarioController->index()
 8 SYSTEMPATH\CodeIgniter.php(499): CodeIgniter\CodeIgniter->runController(Object(App\Controllers\UsuarioController))
 9 SYSTEMPATH\CodeIgniter.php(368): CodeIgniter\CodeIgniter->handleRequest(null, Object(Config\Cache), false)
10 FCPATH\index.php(67): CodeIgniter\CodeIgniter->run()
CRITICAL - 2023-02-06 22:59:00 --> Undefined global variable $_SESSION
in APPPATH\Views\General.php on line 63.
 1 APPPATH\Views\General.php(63): CodeIgniter\Debug\Exceptions->errorHandler(2, 'Undefined global variable $_SESSION', 'APPPATH\\Views\\General.php', 63)
 2 SYSTEMPATH\View\View.php(213): include('APPPATH\\Views\\General.php')
 3 SYSTEMPATH\View\View.php(216): CodeIgniter\View\View->CodeIgniter\View\{closure}()
 4 SYSTEMPATH\View\View.php(229): CodeIgniter\View\View->render('General', [], true)
 5 SYSTEMPATH\Common.php(1177): CodeIgniter\View\View->render('usuarios/tabla_usuarios', [], true)
 6 APPPATH\Controllers\UsuarioController.php(9): view('usuarios/tabla_usuarios')
 7 SYSTEMPATH\CodeIgniter.php(934): App\Controllers\UsuarioController->index()
 8 SYSTEMPATH\CodeIgniter.php(499): CodeIgniter\CodeIgniter->runController(Object(App\Controllers\UsuarioController))
 9 SYSTEMPATH\CodeIgniter.php(368): CodeIgniter\CodeIgniter->handleRequest(null, Object(Config\Cache), false)
10 FCPATH\index.php(67): CodeIgniter\CodeIgniter->run()
CRITICAL - 2023-02-06 22:59:01 --> Undefined global variable $_SESSION
in APPPATH\Views\General.php on line 63.
 1 APPPATH\Views\General.php(63): CodeIgniter\Debug\Exceptions->errorHandler(2, 'Undefined global variable $_SESSION', 'APPPATH\\Views\\General.php', 63)
 2 SYSTEMPATH\View\View.php(213): include('APPPATH\\Views\\General.php')
 3 SYSTEMPATH\View\View.php(216): CodeIgniter\View\View->CodeIgniter\View\{closure}()
 4 SYSTEMPATH\View\View.php(229): CodeIgniter\View\View->render('General', [], true)
 5 SYSTEMPATH\Common.php(1177): CodeIgniter\View\View->render('usuarios/tabla_usuarios', [], true)
 6 APPPATH\Controllers\UsuarioController.php(9): view('usuarios/tabla_usuarios')
 7 SYSTEMPATH\CodeIgniter.php(934): App\Controllers\UsuarioController->index()
 8 SYSTEMPATH\CodeIgniter.php(499): CodeIgniter\CodeIgniter->runController(Object(App\Controllers\UsuarioController))
 9 SYSTEMPATH\CodeIgniter.php(368): CodeIgniter\CodeIgniter->handleRequest(null, Object(Config\Cache), false)
10 FCPATH\index.php(67): CodeIgniter\CodeIgniter->run()
CRITICAL - 2023-02-06 22:59:11 --> Undefined global variable $_SESSION
in APPPATH\Views\General.php on line 63.
 1 APPPATH\Views\General.php(63): CodeIgniter\Debug\Exceptions->errorHandler(2, 'Undefined global variable $_SESSION', 'APPPATH\\Views\\General.php', 63)
 2 SYSTEMPATH\View\View.php(213): include('APPPATH\\Views\\General.php')
 3 SYSTEMPATH\View\View.php(216): CodeIgniter\View\View->CodeIgniter\View\{closure}()
 4 SYSTEMPATH\View\View.php(229): CodeIgniter\View\View->render('General', [], true)
 5 SYSTEMPATH\Common.php(1177): CodeIgniter\View\View->render('usuarios/tabla_usuarios', [], true)
 6 APPPATH\Controllers\UsuarioController.php(9): view('usuarios/tabla_usuarios')
 7 SYSTEMPATH\CodeIgniter.php(934): App\Controllers\UsuarioController->index()
 8 SYSTEMPATH\CodeIgniter.php(499): CodeIgniter\CodeIgniter->runController(Object(App\Controllers\UsuarioController))
 9 SYSTEMPATH\CodeIgniter.php(368): CodeIgniter\CodeIgniter->handleRequest(null, Object(Config\Cache), false)
10 FCPATH\index.php(67): CodeIgniter\CodeIgniter->run()
CRITICAL - 2023-02-06 22:59:19 --> Undefined global variable $_SESSION
in APPPATH\Views\General.php on line 63.
 1 APPPATH\Views\General.php(63): CodeIgniter\Debug\Exceptions->errorHandler(2, 'Undefined global variable $_SESSION', 'APPPATH\\Views\\General.php', 63)
 2 SYSTEMPATH\View\View.php(213): include('APPPATH\\Views\\General.php')
 3 SYSTEMPATH\View\View.php(216): CodeIgniter\View\View->CodeIgniter\View\{closure}()
 4 SYSTEMPATH\View\View.php(229): CodeIgniter\View\View->render('General', [], true)
 5 SYSTEMPATH\Common.php(1177): CodeIgniter\View\View->render('usuarios/tabla_usuarios', [], true)
 6 APPPATH\Controllers\UsuarioController.php(9): view('usuarios/tabla_usuarios')
 7 SYSTEMPATH\CodeIgniter.php(934): App\Controllers\UsuarioController->index()
 8 SYSTEMPATH\CodeIgniter.php(499): CodeIgniter\CodeIgniter->runController(Object(App\Controllers\UsuarioController))
 9 SYSTEMPATH\CodeIgniter.php(368): CodeIgniter\CodeIgniter->handleRequest(null, Object(Config\Cache), false)
10 FCPATH\index.php(67): CodeIgniter\CodeIgniter->run()
CRITICAL - 2023-02-06 23:01:05 --> Undefined global variable $_SESSION
in APPPATH\Views\General.php on line 63.
 1 APPPATH\Views\General.php(63): CodeIgniter\Debug\Exceptions->errorHandler(2, 'Undefined global variable $_SESSION', 'APPPATH\\Views\\General.php', 63)
 2 SYSTEMPATH\View\View.php(213): include('APPPATH\\Views\\General.php')
 3 SYSTEMPATH\View\View.php(216): CodeIgniter\View\View->CodeIgniter\View\{closure}()
 4 SYSTEMPATH\View\View.php(229): CodeIgniter\View\View->render('General', [], true)
 5 SYSTEMPATH\Common.php(1177): CodeIgniter\View\View->render('usuarios/tabla_usuarios', [], true)
 6 APPPATH\Controllers\UsuarioController.php(9): view('usuarios/tabla_usuarios')
 7 SYSTEMPATH\CodeIgniter.php(934): App\Controllers\UsuarioController->index()
 8 SYSTEMPATH\CodeIgniter.php(499): CodeIgniter\CodeIgniter->runController(Object(App\Controllers\UsuarioController))
 9 SYSTEMPATH\CodeIgniter.php(368): CodeIgniter\CodeIgniter->handleRequest(null, Object(Config\Cache), false)
10 FCPATH\index.php(67): CodeIgniter\CodeIgniter->run()
CRITICAL - 2023-02-06 23:01:05 --> Undefined global variable $_SESSION
in APPPATH\Views\General.php on line 63.
 1 APPPATH\Views\General.php(63): CodeIgniter\Debug\Exceptions->errorHandler(2, 'Undefined global variable $_SESSION', 'APPPATH\\Views\\General.php', 63)
 2 SYSTEMPATH\View\View.php(213): include('APPPATH\\Views\\General.php')
 3 SYSTEMPATH\View\View.php(216): CodeIgniter\View\View->CodeIgniter\View\{closure}()
 4 SYSTEMPATH\View\View.php(229): CodeIgniter\View\View->render('General', [], true)
 5 SYSTEMPATH\Common.php(1177): CodeIgniter\View\View->render('usuarios/tabla_usuarios', [], true)
 6 APPPATH\Controllers\UsuarioController.php(9): view('usuarios/tabla_usuarios')
 7 SYSTEMPATH\CodeIgniter.php(934): App\Controllers\UsuarioController->index()
 8 SYSTEMPATH\CodeIgniter.php(499): CodeIgniter\CodeIgniter->runController(Object(App\Controllers\UsuarioController))
 9 SYSTEMPATH\CodeIgniter.php(368): CodeIgniter\CodeIgniter->handleRequest(null, Object(Config\Cache), false)
10 FCPATH\index.php(67): CodeIgniter\CodeIgniter->run()
CRITICAL - 2023-02-06 23:01:12 --> Undefined global variable $_SESSION
in APPPATH\Views\General.php on line 63.
 1 APPPATH\Views\General.php(63): CodeIgniter\Debug\Exceptions->errorHandler(2, 'Undefined global variable $_SESSION', 'APPPATH\\Views\\General.php', 63)
 2 SYSTEMPATH\View\View.php(213): include('APPPATH\\Views\\General.php')
 3 SYSTEMPATH\View\View.php(216): CodeIgniter\View\View->CodeIgniter\View\{closure}()
 4 SYSTEMPATH\View\View.php(229): CodeIgniter\View\View->render('General', [], true)
 5 SYSTEMPATH\Common.php(1177): CodeIgniter\View\View->render('usuarios/tabla_usuarios', [], true)
 6 APPPATH\Controllers\UsuarioController.php(9): view('usuarios/tabla_usuarios')
 7 SYSTEMPATH\CodeIgniter.php(934): App\Controllers\UsuarioController->index()
 8 SYSTEMPATH\CodeIgniter.php(499): CodeIgniter\CodeIgniter->runController(Object(App\Controllers\UsuarioController))
 9 SYSTEMPATH\CodeIgniter.php(368): CodeIgniter\CodeIgniter->handleRequest(null, Object(Config\Cache), false)
10 FCPATH\index.php(67): CodeIgniter\CodeIgniter->run()
CRITICAL - 2023-02-06 23:01:40 --> Undefined global variable $_SESSION
in APPPATH\Views\General.php on line 63.
 1 APPPATH\Views\General.php(63): CodeIgniter\Debug\Exceptions->errorHandler(2, 'Undefined global variable $_SESSION', 'APPPATH\\Views\\General.php', 63)
 2 SYSTEMPATH\View\View.php(213): include('APPPATH\\Views\\General.php')
 3 SYSTEMPATH\View\View.php(216): CodeIgniter\View\View->CodeIgniter\View\{closure}()
 4 SYSTEMPATH\View\View.php(229): CodeIgniter\View\View->render('General', [], true)
 5 SYSTEMPATH\Common.php(1177): CodeIgniter\View\View->render('usuarios/tabla_usuarios', [], true)
 6 APPPATH\Controllers\UsuarioController.php(9): view('usuarios/tabla_usuarios')
 7 SYSTEMPATH\CodeIgniter.php(934): App\Controllers\UsuarioController->index()
 8 SYSTEMPATH\CodeIgniter.php(499): CodeIgniter\CodeIgniter->runController(Object(App\Controllers\UsuarioController))
 9 SYSTEMPATH\CodeIgniter.php(368): CodeIgniter\CodeIgniter->handleRequest(null, Object(Config\Cache), false)
10 FCPATH\index.php(67): CodeIgniter\CodeIgniter->run()
CRITICAL - 2023-02-06 23:02:19 --> Undefined global variable $_SESSION
in APPPATH\Views\General.php on line 63.
 1 APPPATH\Views\General.php(63): CodeIgniter\Debug\Exceptions->errorHandler(2, 'Undefined global variable $_SESSION', 'APPPATH\\Views\\General.php', 63)
 2 SYSTEMPATH\View\View.php(213): include('APPPATH\\Views\\General.php')
 3 SYSTEMPATH\View\View.php(216): CodeIgniter\View\View->CodeIgniter\View\{closure}()
 4 SYSTEMPATH\View\View.php(229): CodeIgniter\View\View->render('General', [], true)
 5 SYSTEMPATH\Common.php(1177): CodeIgniter\View\View->render('usuarios/tabla_usuarios', [], true)
 6 APPPATH\Controllers\UsuarioController.php(9): view('usuarios/tabla_usuarios')
 7 SYSTEMPATH\CodeIgniter.php(934): App\Controllers\UsuarioController->index()
 8 SYSTEMPATH\CodeIgniter.php(499): CodeIgniter\CodeIgniter->runController(Object(App\Controllers\UsuarioController))
 9 SYSTEMPATH\CodeIgniter.php(368): CodeIgniter\CodeIgniter->handleRequest(null, Object(Config\Cache), false)
10 FCPATH\index.php(67): CodeIgniter\CodeIgniter->run()
CRITICAL - 2023-02-06 23:03:22 --> Undefined global variable $_SESSION
in APPPATH\Views\General.php on line 63.
 1 APPPATH\Views\General.php(63): CodeIgniter\Debug\Exceptions->errorHandler(2, 'Undefined global variable $_SESSION', 'APPPATH\\Views\\General.php', 63)
 2 SYSTEMPATH\View\View.php(213): include('APPPATH\\Views\\General.php')
 3 SYSTEMPATH\View\View.php(216): CodeIgniter\View\View->CodeIgniter\View\{closure}()
 4 SYSTEMPATH\View\View.php(229): CodeIgniter\View\View->render('General', [], true)
 5 SYSTEMPATH\Common.php(1177): CodeIgniter\View\View->render('usuarios/tabla_usuarios', [], true)
 6 APPPATH\Controllers\UsuarioController.php(9): view('usuarios/tabla_usuarios')
 7 SYSTEMPATH\CodeIgniter.php(934): App\Controllers\UsuarioController->index()
 8 SYSTEMPATH\CodeIgniter.php(499): CodeIgniter\CodeIgniter->runController(Object(App\Controllers\UsuarioController))
 9 SYSTEMPATH\CodeIgniter.php(368): CodeIgniter\CodeIgniter->handleRequest(null, Object(Config\Cache), false)
10 FCPATH\index.php(67): CodeIgniter\CodeIgniter->run()
CRITICAL - 2023-02-06 23:07:36 --> Undefined global variable $_SESSION
in APPPATH\Views\General.php on line 63.
 1 APPPATH\Views\General.php(63): CodeIgniter\Debug\Exceptions->errorHandler(2, 'Undefined global variable $_SESSION', 'APPPATH\\Views\\General.php', 63)
 2 SYSTEMPATH\View\View.php(213): include('APPPATH\\Views\\General.php')
 3 SYSTEMPATH\View\View.php(216): CodeIgniter\View\View->CodeIgniter\View\{closure}()
 4 SYSTEMPATH\View\View.php(229): CodeIgniter\View\View->render('General', [], true)
 5 SYSTEMPATH\Common.php(1177): CodeIgniter\View\View->render('usuarios/tabla_usuarios', [], true)
 6 APPPATH\Controllers\UsuarioController.php(9): view('usuarios/tabla_usuarios')
 7 SYSTEMPATH\CodeIgniter.php(934): App\Controllers\UsuarioController->index()
 8 SYSTEMPATH\CodeIgniter.php(499): CodeIgniter\CodeIgniter->runController(Object(App\Controllers\UsuarioController))
 9 SYSTEMPATH\CodeIgniter.php(368): CodeIgniter\CodeIgniter->handleRequest(null, Object(Config\Cache), false)
10 FCPATH\index.php(67): CodeIgniter\CodeIgniter->run()
CRITICAL - 2023-02-06 23:13:16 --> View themes, no current section.
in SYSTEMPATH\View\View.php on line 394.
 1 APPPATH\Views\usuarios\tabla_usuarios.php(44): CodeIgniter\View\View->endSection()
 2 SYSTEMPATH\View\View.php(213): include('APPPATH\\Views\\usuarios\\tabla_usuarios.php')
 3 SYSTEMPATH\View\View.php(216): CodeIgniter\View\View->CodeIgniter\View\{closure}()
 4 SYSTEMPATH\Common.php(1177): CodeIgniter\View\View->render('usuarios/tabla_usuarios', [], true)
 5 APPPATH\Controllers\UsuarioController.php(9): view('usuarios/tabla_usuarios')
 6 SYSTEMPATH\CodeIgniter.php(934): App\Controllers\UsuarioController->index()
 7 SYSTEMPATH\CodeIgniter.php(499): CodeIgniter\CodeIgniter->runController(Object(App\Controllers\UsuarioController))
 8 SYSTEMPATH\CodeIgniter.php(368): CodeIgniter\CodeIgniter->handleRequest(null, Object(Config\Cache), false)
 9 FCPATH\index.php(67): CodeIgniter\CodeIgniter->run()
CRITICAL - 2023-02-06 23:13:30 --> View themes, no current section.
in SYSTEMPATH\View\View.php on line 394.
 1 APPPATH\Views\usuarios\tabla_usuarios.php(44): CodeIgniter\View\View->endSection()
 2 SYSTEMPATH\View\View.php(213): include('APPPATH\\Views\\usuarios\\tabla_usuarios.php')
 3 SYSTEMPATH\View\View.php(216): CodeIgniter\View\View->CodeIgniter\View\{closure}()
 4 SYSTEMPATH\Common.php(1177): CodeIgniter\View\View->render('usuarios/tabla_usuarios', [], true)
 5 APPPATH\Controllers\UsuarioController.php(9): view('usuarios/tabla_usuarios')
 6 SYSTEMPATH\CodeIgniter.php(934): App\Controllers\UsuarioController->index()
 7 SYSTEMPATH\CodeIgniter.php(499): CodeIgniter\CodeIgniter->runController(Object(App\Controllers\UsuarioController))
 8 SYSTEMPATH\CodeIgniter.php(368): CodeIgniter\CodeIgniter->handleRequest(null, Object(Config\Cache), false)
 9 FCPATH\index.php(67): CodeIgniter\CodeIgniter->run()
CRITICAL - 2023-02-06 23:19:01 --> Invalid file: "Content.php"
in SYSTEMPATH\Exceptions\FrameworkException.php on line 33.
 1 SYSTEMPATH\View\View.php(201): CodeIgniter\Exceptions\FrameworkException::forInvalidFile('Content.php')
 2 SYSTEMPATH\View\View.php(229): CodeIgniter\View\View->render('Content', [], true)
 3 SYSTEMPATH\Common.php(1177): CodeIgniter\View\View->render('usuarios/tabla_usuarios', [], true)
 4 APPPATH\Controllers\UsuarioController.php(9): view('usuarios/tabla_usuarios')
 5 SYSTEMPATH\CodeIgniter.php(934): App\Controllers\UsuarioController->index()
 6 SYSTEMPATH\CodeIgniter.php(499): CodeIgniter\CodeIgniter->runController(Object(App\Controllers\UsuarioController))
 7 SYSTEMPATH\CodeIgniter.php(368): CodeIgniter\CodeIgniter->handleRequest(null, Object(Config\Cache), false)
 8 FCPATH\index.php(67): CodeIgniter\CodeIgniter->run()
