CRITICAL - 2023-02-07 18:16:34 --> Invalid file: "form_usuario.php"
in SYSTEMPATH\Exceptions\FrameworkException.php on line 33.
 1 SYSTEMPATH\View\View.php(201): CodeIgniter\Exceptions\FrameworkException::forInvalidFile('form_usuario.php')
 2 SYSTEMPATH\Common.php(1177): CodeIgniter\View\View->render('form_usuario', [], true)
 3 APPPATH\Controllers\UsuarioController.php(14): view('form_usuario')
 4 SYSTEMPATH\CodeIgniter.php(934): App\Controllers\UsuarioController->form()
 5 SYSTEMPATH\CodeIgniter.php(499): CodeIgniter\CodeIgniter->runController(Object(App\Controllers\UsuarioController))
 6 SYSTEMPATH\CodeIgniter.php(368): CodeIgniter\CodeIgniter->handleRequest(null, Object(Config\Cache), false)
 7 FCPATH\index.php(67): CodeIgniter\CodeIgniter->run()
CRITICAL - 2023-02-07 18:16:50 --> Invalid file: "form_usuario.php"
in SYSTEMPATH\Exceptions\FrameworkException.php on line 33.
 1 SYSTEMPATH\View\View.php(201): CodeIgniter\Exceptions\FrameworkException::forInvalidFile('form_usuario.php')
 2 SYSTEMPATH\Common.php(1177): CodeIgniter\View\View->render('form_usuario', [], true)
 3 APPPATH\Controllers\UsuarioController.php(14): view('form_usuario')
 4 SYSTEMPATH\CodeIgniter.php(934): App\Controllers\UsuarioController->form()
 5 SYSTEMPATH\CodeIgniter.php(499): CodeIgniter\CodeIgniter->runController(Object(App\Controllers\UsuarioController))
 6 SYSTEMPATH\CodeIgniter.php(368): CodeIgniter\CodeIgniter->handleRequest(null, Object(Config\Cache), false)
 7 FCPATH\index.php(67): CodeIgniter\CodeIgniter->run()
CRITICAL - 2023-02-07 18:18:07 --> Invalid file: "form_usuario.php"
in SYSTEMPATH\Exceptions\FrameworkException.php on line 33.
 1 SYSTEMPATH\View\View.php(201): CodeIgniter\Exceptions\FrameworkException::forInvalidFile('form_usuario.php')
 2 SYSTEMPATH\Common.php(1177): CodeIgniter\View\View->render('form_usuario', [], true)
 3 APPPATH\Controllers\UsuarioController.php(14): view('form_usuario')
 4 SYSTEMPATH\CodeIgniter.php(934): App\Controllers\UsuarioController->form()
 5 SYSTEMPATH\CodeIgniter.php(499): CodeIgniter\CodeIgniter->runController(Object(App\Controllers\UsuarioController))
 6 SYSTEMPATH\CodeIgniter.php(368): CodeIgniter\CodeIgniter->handleRequest(null, Object(Config\Cache), false)
 7 FCPATH\index.php(67): CodeIgniter\CodeIgniter->run()
CRITICAL - 2023-02-07 18:18:37 --> Invalid file: "form_usuario.php"
in SYSTEMPATH\Exceptions\FrameworkException.php on line 33.
 1 SYSTEMPATH\View\View.php(201): CodeIgniter\Exceptions\FrameworkException::forInvalidFile('form_usuario.php')
 2 SYSTEMPATH\Common.php(1177): CodeIgniter\View\View->render('form_usuario', [], true)
 3 APPPATH\Controllers\UsuarioController.php(14): view('form_usuario')
 4 SYSTEMPATH\CodeIgniter.php(934): App\Controllers\UsuarioController->form()
 5 SYSTEMPATH\CodeIgniter.php(499): CodeIgniter\CodeIgniter->runController(Object(App\Controllers\UsuarioController))
 6 SYSTEMPATH\CodeIgniter.php(368): CodeIgniter\CodeIgniter->handleRequest(null, Object(Config\Cache), false)
 7 FCPATH\index.php(67): CodeIgniter\CodeIgniter->run()
CRITICAL - 2023-02-07 18:19:17 --> Invalid file: "form_usuarios.php"
in SYSTEMPATH\Exceptions\FrameworkException.php on line 33.
 1 SYSTEMPATH\View\View.php(201): CodeIgniter\Exceptions\FrameworkException::forInvalidFile('form_usuarios.php')
 2 SYSTEMPATH\Common.php(1177): CodeIgniter\View\View->render('form_usuarios', [], true)
 3 APPPATH\Controllers\UsuarioController.php(14): view('form_usuarios')
 4 SYSTEMPATH\CodeIgniter.php(934): App\Controllers\UsuarioController->form()
 5 SYSTEMPATH\CodeIgniter.php(499): CodeIgniter\CodeIgniter->runController(Object(App\Controllers\UsuarioController))
 6 SYSTEMPATH\CodeIgniter.php(368): CodeIgniter\CodeIgniter->handleRequest(null, Object(Config\Cache), false)
 7 FCPATH\index.php(67): CodeIgniter\CodeIgniter->run()
